<?xml version="1.0" encoding="UTF-8"?>
<testsuite name="com.espacosabrina.sistemadecontrole.SistemaDeControleApplicationTests" tests="1" skipped="0" failures="0" errors="0" timestamp="2022-08-10T09:52:27" hostname="Jojo.local" time="0.355">
  <properties/>
  <testcase name="contextLoads()" classname="com.espacosabrina.sistemadecontrole.SistemaDeControleApplicationTests" time="0.355"/>
  <system-out><![CDATA[06:52:20.880 [Test worker] DEBUG org.springframework.test.context.BootstrapUtils - Instantiating CacheAwareContextLoaderDelegate from class [org.springframework.test.context.cache.DefaultCacheAwareContextLoaderDelegate]
06:52:20.897 [Test worker] DEBUG org.springframework.test.context.BootstrapUtils - Instantiating BootstrapContext using constructor [public org.springframework.test.context.support.DefaultBootstrapContext(java.lang.Class,org.springframework.test.context.CacheAwareContextLoaderDelegate)]
06:52:20.944 [Test worker] DEBUG org.springframework.test.context.BootstrapUtils - Instantiating TestContextBootstrapper for test class [com.espacosabrina.sistemadecontrole.SistemaDeControleApplicationTests] from class [org.springframework.boot.test.context.SpringBootTestContextBootstrapper]
06:52:20.966 [Test worker] INFO org.springframework.boot.test.context.SpringBootTestContextBootstrapper - Neither @ContextConfiguration nor @ContextHierarchy found for test class [com.espacosabrina.sistemadecontrole.SistemaDeControleApplicationTests], using SpringBootContextLoader
06:52:20.970 [Test worker] DEBUG org.springframework.test.context.support.AbstractContextLoader - Did not detect default resource location for test class [com.espacosabrina.sistemadecontrole.SistemaDeControleApplicationTests]: class path resource [com/espacosabrina/sistemadecontrole/SistemaDeControleApplicationTests-context.xml] does not exist
06:52:20.971 [Test worker] DEBUG org.springframework.test.context.support.AbstractContextLoader - Did not detect default resource location for test class [com.espacosabrina.sistemadecontrole.SistemaDeControleApplicationTests]: class path resource [com/espacosabrina/sistemadecontrole/SistemaDeControleApplicationTestsContext.groovy] does not exist
06:52:20.972 [Test worker] INFO org.springframework.test.context.support.AbstractContextLoader - Could not detect default resource locations for test class [com.espacosabrina.sistemadecontrole.SistemaDeControleApplicationTests]: no resource found for suffixes {-context.xml, Context.groovy}.
06:52:20.973 [Test worker] INFO org.springframework.test.context.support.AnnotationConfigContextLoaderUtils - Could not detect default configuration classes for test class [com.espacosabrina.sistemadecontrole.SistemaDeControleApplicationTests]: SistemaDeControleApplicationTests does not declare any static, non-private, non-final, nested classes annotated with @Configuration.
06:52:21.043 [Test worker] DEBUG org.springframework.test.context.support.ActiveProfilesUtils - Could not find an 'annotation declaring class' for annotation type [org.springframework.test.context.ActiveProfiles] and class [com.espacosabrina.sistemadecontrole.SistemaDeControleApplicationTests]
06:52:21.130 [Test worker] DEBUG org.springframework.context.annotation.ClassPathScanningCandidateComponentProvider - Identified candidate component class: file [/Users/jonatas/Documents/github/sistema-de-controle/build/classes/kotlin/main/com/espacosabrina/sistemadecontrole/SistemaDeControleApplication.class]
06:52:21.132 [Test worker] INFO org.springframework.boot.test.context.SpringBootTestContextBootstrapper - Found @SpringBootConfiguration com.espacosabrina.sistemadecontrole.SistemaDeControleApplication for test class com.espacosabrina.sistemadecontrole.SistemaDeControleApplicationTests
06:52:21.259 [Test worker] DEBUG org.springframework.boot.test.context.SpringBootTestContextBootstrapper - @TestExecutionListeners is not present for class [com.espacosabrina.sistemadecontrole.SistemaDeControleApplicationTests]: using defaults.
06:52:21.262 [Test worker] INFO org.springframework.boot.test.context.SpringBootTestContextBootstrapper - Loaded default TestExecutionListener class names from location [META-INF/spring.factories]: [org.springframework.boot.test.autoconfigure.restdocs.RestDocsTestExecutionListener, org.springframework.boot.test.autoconfigure.web.client.MockRestServiceServerResetTestExecutionListener, org.springframework.boot.test.autoconfigure.web.servlet.MockMvcPrintOnlyOnFailureTestExecutionListener, org.springframework.boot.test.autoconfigure.web.servlet.WebDriverTestExecutionListener, org.springframework.boot.test.autoconfigure.webservices.client.MockWebServiceServerTestExecutionListener, org.springframework.boot.test.mock.mockito.MockitoTestExecutionListener, org.springframework.boot.test.mock.mockito.ResetMocksTestExecutionListener, org.springframework.test.context.web.ServletTestExecutionListener, org.springframework.test.context.support.DirtiesContextBeforeModesTestExecutionListener, org.springframework.test.context.event.ApplicationEventsTestExecutionListener, org.springframework.test.context.support.DependencyInjectionTestExecutionListener, org.springframework.test.context.support.DirtiesContextTestExecutionListener, org.springframework.test.context.transaction.TransactionalTestExecutionListener, org.springframework.test.context.jdbc.SqlScriptsTestExecutionListener, org.springframework.test.context.event.EventPublishingTestExecutionListener]
06:52:21.285 [Test worker] INFO org.springframework.boot.test.context.SpringBootTestContextBootstrapper - Using TestExecutionListeners: [org.springframework.test.context.web.ServletTestExecutionListener@efde75f, org.springframework.test.context.support.DirtiesContextBeforeModesTestExecutionListener@16ecee1, org.springframework.test.context.event.ApplicationEventsTestExecutionListener@3b220bcb, org.springframework.boot.test.mock.mockito.MockitoTestExecutionListener@2b95e48b, org.springframework.boot.test.autoconfigure.SpringBootDependencyInjectionTestExecutionListener@4a3329b9, org.springframework.test.context.support.DirtiesContextTestExecutionListener@3dddefd8, org.springframework.test.context.transaction.TransactionalTestExecutionListener@160ac7fb, org.springframework.test.context.jdbc.SqlScriptsTestExecutionListener@12bfd80d, org.springframework.test.context.event.EventPublishingTestExecutionListener@41925502, org.springframework.boot.test.autoconfigure.restdocs.RestDocsTestExecutionListener@13e3c1c7, org.springframework.boot.test.autoconfigure.web.client.MockRestServiceServerResetTestExecutionListener@5316e95f, org.springframework.boot.test.autoconfigure.web.servlet.MockMvcPrintOnlyOnFailureTestExecutionListener@3f053c80, org.springframework.boot.test.autoconfigure.web.servlet.WebDriverTestExecutionListener@6c6c5427, org.springframework.boot.test.autoconfigure.webservices.client.MockWebServiceServerTestExecutionListener@618c5d94, org.springframework.boot.test.mock.mockito.ResetMocksTestExecutionListener@5b40ceb]
06:52:21.289 [Test worker] DEBUG org.springframework.test.context.support.AbstractDirtiesContextTestExecutionListener - Before test class: context [DefaultTestContext@45cff11c testClass = SistemaDeControleApplicationTests, testInstance = [null], testMethod = [null], testException = [null], mergedContextConfiguration = [WebMergedContextConfiguration@207ea13 testClass = SistemaDeControleApplicationTests, locations = '{}', classes = '{class com.espacosabrina.sistemadecontrole.SistemaDeControleApplication}', contextInitializerClasses = '[]', activeProfiles = '{}', propertySourceLocations = '{}', propertySourceProperties = '{org.springframework.boot.test.context.SpringBootTestContextBootstrapper=true}', contextCustomizers = set[org.springframework.boot.test.autoconfigure.actuate.metrics.MetricsExportContextCustomizerFactory$DisableMetricExportContextCustomizer@36b4091c, org.springframework.boot.test.autoconfigure.properties.PropertyMappingContextCustomizer@0, org.springframework.boot.test.autoconfigure.web.servlet.WebDriverContextCustomizerFactory$Customizer@12359a82, org.springframework.boot.test.context.filter.ExcludeFilterContextCustomizer@5be46f9d, org.springframework.boot.test.json.DuplicateJsonObjectContextCustomizerFactory$DuplicateJsonObjectContextCustomizer@30c93896, org.springframework.boot.test.mock.mockito.MockitoContextCustomizer@0, org.springframework.boot.test.web.client.TestRestTemplateContextCustomizer@d41f816, org.springframework.boot.test.context.SpringBootTestArgs@1, org.springframework.boot.test.context.SpringBootTestWebEnvironment@77f80c04], resourceBasePath = 'src/main/webapp', contextLoader = 'org.springframework.boot.test.context.SpringBootContextLoader', parent = [null]], attributes = map['org.springframework.test.context.web.ServletTestExecutionListener.activateListener' -> true]], class annotated with @DirtiesContext [false] with mode [null].

  .   ____          _            __ _ _
 /\\ / ___'_ __ _ _(_)_ __  __ _ \ \ \ \
( ( )\___ | '_ | '_| | '_ \/ _` | \ \ \ \
 \\/  ___)| |_)| | | | | || (_| |  ) ) ) )
  '  |____| .__|_| |_|_| |_\__, | / / / /
 =========|_|==============|___/=/_/_/_/
 :: Spring Boot ::                (v2.7.0)

2022-08-10 06:52:21.911  INFO 20173 --- [    Test worker] c.e.s.SistemaDeControleApplicationTests  : Starting SistemaDeControleApplicationTests using Java 18.0.1.1 on Jojo.local with PID 20173 (started by jonatas in /Users/jonatas/Documents/github/sistema-de-controle)
2022-08-10 06:52:21.913  INFO 20173 --- [    Test worker] c.e.s.SistemaDeControleApplicationTests  : No active profile set, falling back to 1 default profile: "default"
2022-08-10 06:52:23.048  INFO 20173 --- [    Test worker] .s.d.r.c.RepositoryConfigurationDelegate : Bootstrapping Spring Data JPA repositories in DEFAULT mode.
2022-08-10 06:52:23.115  INFO 20173 --- [    Test worker] .s.d.r.c.RepositoryConfigurationDelegate : Finished Spring Data repository scanning in 58 ms. Found 2 JPA repository interfaces.
2022-08-10 06:52:23.829  INFO 20173 --- [    Test worker] o.hibernate.jpa.internal.util.LogHelper  : HHH000204: Processing PersistenceUnitInfo [name: default]
2022-08-10 06:52:23.904  INFO 20173 --- [    Test worker] org.hibernate.Version                    : HHH000412: Hibernate ORM core version 5.6.9.Final
2022-08-10 06:52:24.109  INFO 20173 --- [    Test worker] o.hibernate.annotations.common.Version   : HCANN000001: Hibernate Commons Annotations {5.1.2.Final}
2022-08-10 06:52:24.253  INFO 20173 --- [    Test worker] com.zaxxer.hikari.HikariDataSource       : HikariPool-1 - Starting...
2022-08-10 06:52:24.846  INFO 20173 --- [    Test worker] com.zaxxer.hikari.HikariDataSource       : HikariPool-1 - Start completed.
2022-08-10 06:52:24.891  INFO 20173 --- [    Test worker] org.hibernate.dialect.Dialect            : HHH000400: Using dialect: org.hibernate.dialect.PostgreSQL10Dialect
2022-08-10 06:52:25.524  INFO 20173 --- [    Test worker] o.h.e.t.j.p.i.JtaPlatformInitiator       : HHH000490: Using JtaPlatform implementation: [org.hibernate.engine.transaction.jta.platform.internal.NoJtaPlatform]
2022-08-10 06:52:25.537  INFO 20173 --- [    Test worker] j.LocalContainerEntityManagerFactoryBean : Initialized JPA EntityManagerFactory for persistence unit 'default'
2022-08-10 06:52:26.454  WARN 20173 --- [    Test worker] JpaBaseConfiguration$JpaWebConfiguration : spring.jpa.open-in-view is enabled by default. Therefore, database queries may be performed during view rendering. Explicitly configure spring.jpa.open-in-view to disable this warning
2022-08-10 06:52:27.195  INFO 20173 --- [    Test worker] c.e.s.SistemaDeControleApplicationTests  : Started SistemaDeControleApplicationTests in 5.848 seconds (JVM running for 7.521)
]]></system-out>
  <system-err><![CDATA[]]></system-err>
</testsuite>
